[2J[01;01H[=3h[2J[01;01HBdsDxe: loading Boot0001 "UEFI QEMU DVD-ROM QM00005 " from PciRoot(0x0)/Pci(0x1F,0x2)/Sata(0x2,0xFFFF,0x0)
BdsDxe: starting Boot0001 "UEFI QEMU DVD-ROM QM00005 " from PciRoot(0x0)/Pci(0x1F,0x2)/Sata(0x2,0xFFFF,0x0)
WARNING: no console will be available to OS
error: no suitable video mode found.
[kernel] OSTD initialized. Preparing components.
[kernel] unpacking the initramfs.cpio.gz to rootfs ...
[kernel] rootfs is ready
[kernel] Spawn init thread
[kernel] Mount Ext2 fs at FsPath { inner: Absolute("/ext2") } 
[kernel] Mount ExFat fs at FsPath { inner: Absolute("/exfat") } 
[kernel] Hello world from kernel!
[36m

   _   ___ _____ ___ ___ ___ _  _   _   ___
  /_\ / __|_   _| __| _ \_ _| \| | /_\ / __|
 / _ \\__ \ | | | _||   /| || .` |/ _ \\__ \
/_/ \_\___/ |_| |___|_|_\___|_|\_/_/ \_\___/

[0m


BusyBox v1.30.1 (Ubuntu 1:1.30.1-7ubuntu3.1) built-in shell (ash)
Enter 'help' for a list of built-in commands.

~ # [6ncd python~ # cd python-test/[J
/python-test # [6npython to/python-test # python torch-test.py [J
/usr/local/lib/python3.10/dist-packages/torchvision/models/_utils.py:208: UserWarning: The parameter 'pretrained' is deprecated since 0.13 and may be removed in the future, please use 'weights' instead.
  warnings.warn(
/usr/local/lib/python3.10/dist-packages/torchvision/models/_utils.py:223: UserWarning: Arguments other than a weight enum or `None` for 'weights' are deprecated since 0.13 and may be removed in the future. The current behavior is equivalent to passing `weights=None`.
  warnings.warn(msg)
num process: 2
start time: Mon Dec 16 09:17:19 2024
pass one batch, id: 0
pass one batch, id: 0
pass one batch, id: 1
pass one batch, id: 1
pass one batch, id: 2
pass one batch, id: 2
pass one batch, id: 3
pass one batch, id: 3
pass one batch, id: 4
pass one batch, id: 4
pass one batch, id: 5
pass one batch, id: 5
pass one batch, id: 6
pass one batch, id: 6
pass one batch, id: 7
pass one batch, id: 7
pass one batch, id: 8
pass one batch, id: 8
pass one batch, id: 9
pass one batch, id: 9
pass one batch, id: 10
pass one batch, id: 10
pass one batch, id: 11
pass one batch, id: 11
pass one batch, id: 12
pass one batch, id: 12
pass one batch, id: 13
pass one batch, id: 13
pass one batch, id: 14
pass one batch, id: 15
pass one batch, id: 14
pass one batch, id: 16
pass one batch, id: 17
pass one batch, id: 15
pass one batch, id: 18
pass one batch, id: 16
pass one batch, id: 19
pass one batch, id: 20
pass one batch, id: 17
pass one batch, id: 21
pass one batch, id: 18
pass one batch, id: 22
pass one batch, id: 19
pass one batch, id: 23
pass one batch, id: 20
pass one batch, id: 24
pass one batch, id: 25
pass one batch, id: 26
pass one batch, id: 21
pass one batch, id: 22
pass one batch, id: 27
pass one batch, id: 23
pass one batch, id: 28
pass one batch, id: 24
pass one batch, id: 25
pass one batch, id: 29
pass one batch, id: 30
pass one batch, id: 26
pass one batch, id: 27
pass one batch, id: 31
pass one batch, id: 28
pass one batch, id: 32
pass one batch, id: 29
pass one batch, id: 33
pass one batch, id: 30
pass one batch, id: 34
pass one batch, id: 31
pass one batch, id: 35
pass one batch, id: 36
pass one batch, id: 37
pass one batch, id: 32
pass one batch, id: 33
pass one batch, id: 38
pass one batch, id: 34
pass one batch, id: 39
pass one batch, id: 35
pass one batch, id: 36
pass one batch, id: 40
pass one batch, id: 41
pass one batch, id: 37
pass one batch, id: 42
pass one batch, id: 43
pass one batch, id: 38
pass one batch, id: 39
pass one batch, id: 44
pass one batch, id: 40
pass one batch, id: 41
pass one batch, id: 45
pass one batch, id: 46
pass one batch, id: 42
pass one batch, id: 47
pass one batch, id: 48
pass one batch, id: 43
pass one batch, id: 49
pass one batch, id: 44
pass one batch, id: 50
pass one batch, id: 45
pass one batch, id: 51
pass one batch, id: 46
pass one batch, id: 47
pass one batch, id: 52
pass one batch, id: 53
pass one batch, id: 48
pass one batch, id: 49
pass one batch, id: 54
pass one batch, id: 55
pass one batch, id: 50
pass one batch, id: 51
pass one batch, id: 56
pass one batch, id: 52
pass one batch, id: 57
pass one batch, id: 58
pass one batch, id: 53
pass one batch, id: 59
pass one batch, id: 60
pass one batch, id: 54
pass one batch, id: 61
pass one batch, id: 55
pass one batch, id: 62
pass one batch, id: 56
pass one batch, id: 57
pass one batch, id: 63
pass one batch, id: 64
pass one batch, id: 58
pass one batch, id: 59
pass one batch, id: 65
pass one batch, id: 66
pass one batch, id: 60
pass one batch, id: 67
pass one batch, id: 61
pass one batch, id: 68
pass one batch, id: 62
pass one batch, id: 69
pass one batch, id: 63
pass one batch, id: 70
pass one batch, id: 64
pass one batch, id: 71
pass one batch, id: 65
pass one batch, id: 72
pass one batch, id: 73
pass one batch, id: 66
pass one batch, id: 74
pass one batch, id: 67
pass one batch, id: 75
pass one batch, id: 76
pass one batch, id: 68
pass one batch, id: 69
pass one batch, id: 77
pass one batch, id: 70
pass one batch, id: 71
pass one batch, id: 78
pass one batch, id: 72
pass one batch, id: 73
pass one batch, id: 74
pass one batch, id: 79
pass one batch, id: 75
pass one batch, id: 80
pass one batch, id: 76
pass one batch, id: 81
pass one batch, id: 77
pass one batch, id: 82
pass one batch, id: 78
pass one batch, id: 83
pass one batch, id: 79
pass one batch, id: 80
pass one batch, id: 84
pass one batch, id: 81
pass one batch, id: 85
pass one batch, id: 82
pass one batch, id: 86
pass one batch, id: 83
pass one batch, id: 87
pass one batch, id: 88
pass one batch, id: 84
pass one batch, id: 85
pass one batch, id: 89
pass one batch, id: 86
pass one batch, id: 90
pass one batch, id: 87
pass one batch, id: 91
pass one batch, id: 92
pass one batch, id: 88
pass one batch, id: 89
pass one batch, id: 90
pass one batch, id: 91
pass one batch, id: 92
pass one batch, id: 93
pass one batch, id: 93
pass one batch, id: 94
pass one batch, id: 94
pass one batch, id: 95
pass one batch, id: 95
pass one batch, id: 96
pass one batch, id: 96
pass one batch, id: 97
pass one batch, id: 97
pass one batch, id: 98
pass one batch, id: 98
pass one batch, id: 99
pass one batch, id: 99
pass one batch, id: 100
pass one batch, id: 100
pass one batch, id: 101
pass one batch, id: 101
pass one batch, id: 102
pass one batch, id: 102
pass one batch, id: 103
pass one batch, id: 103
pass one batch, id: 104
pass one batch, id: 104
pass one batch, id: 105
pass one batch, id: 106
pass one batch, id: 107
pass one batch, id: 105
pass one batch, id: 108
pass one batch, id: 109
pass one batch, id: 106
pass one batch, id: 110
pass one batch, id: 107
pass one batch, id: 108
pass one batch, id: 111
pass one batch, id: 109
pass one batch, id: 112
pass one batch, id: 110
pass one batch, id: 113
pass one batch, id: 114
pass one batch, id: 111
pass one batch, id: 115
pass one batch, id: 112
pass one batch, id: 116
pass one batch, id: 113
pass one batch, id: 117
pass one batch, id: 118
pass one batch, id: 119
pass one batch, id: 114
pass one batch, id: 120
pass one batch, id: 115
pass one batch, id: 121
pass one batch, id: 122
pass one batch, id: 123
pass one batch, id: 116
pass one batch, id: 117
pass one batch, id: 124
pass one batch, id: 118
pass one batch, id: 119
pass one batch, id: 125
pass one batch, id: 120
pass one batch, id: 121
pass one batch, id: 126
pass one batch, id: 127
pass one batch, id: 128
pass one batch, id: 122
pass one batch, id: 129
pass one batch, id: 123
pass one batch, id: 130
pass one batch, id: 131
pass one batch, id: 132
pass one batch, id: 124
pass one batch, id: 133
pass one batch, id: 125
pass one batch, id: 126
pass one batch, id: 127
pass one batch, id: 134
pass one batch, id: 135
pass one batch, id: 136
pass one batch, id: 137
pass one batch, id: 128
pass one batch, id: 129
pass one batch, id: 130
pass one batch, id: 138
pass one batch, id: 131
pass one batch, id: 132
pass one batch, id: 139
pass one batch, id: 140
pass one batch, id: 133
pass one batch, id: 134
pass one batch, id: 141
pass one batch, id: 142
pass one batch, id: 135
pass one batch, id: 143
pass one batch, id: 136
pass one batch, id: 144
pass one batch, id: 145
pass one batch, id: 137
pass one batch, id: 146
pass one batch, id: 138
pass one batch, id: 147
pass one batch, id: 139
pass one batch, id: 140
pass one batch, id: 148
pass one batch, id: 149
pass one batch, id: 141
pass one batch, id: 150
pass one batch, id: 142
pass one batch, id: 151
pass one batch, id: 143
pass one batch, id: 144
pass one batch, id: 152
pass one batch, id: 145
pass one batch, id: 153
pass one batch, id: 146
pass one batch, id: 147
pass one batch, id: 148
pass one batch, id: 154
pass one batch, id: 149
pass one batch, id: 150
pass one batch, id: 155
pass one batch, id: 156
pass one batch, id: 151
pass one batch, id: 157
pass one batch, id: 152
pass one batch, id: 153
pass one batch, id: 158
pass one batch, id: 154
pass one batch, id: 155
pass one batch, id: 159
pass one batch, id: 156
pass one batch, id: 157
pass one batch, id: 160
pass one batch, id: 158
pass one batch, id: 161
pass one batch, id: 159
pass one batch, id: 160
pass one batch, id: 162
pass one batch, id: 161
pass one batch, id: 163
pass one batch, id: 162
pass one batch, id: 164
pass one batch, id: 163
pass one batch, id: 164
pass one batch, id: 165
pass one batch, id: 166
pass one batch, id: 165
pass one batch, id: 166
pass one batch, id: 167
pass one batch, id: 167
pass one batch, id: 168
pass one batch, id: 168
pass one batch, id: 169
pass one batch, id: 169
pass one batch, id: 170
pass one batch, id: 170
pass one batch, id: 171
pass one batch, id: 171
pass one batch, id: 172
pass one batch, id: 172
pass one batch, id: 173
pass one batch, id: 173
pass one batch, id: 174
pass one batch, id: 174
pass one batch, id: 175
pass one batch, id: 175
pass one batch, id: 176
pass one batch, id: 176
pass one batch, id: 177
pass one batch, id: 178
pass one batch, id: 177
pass one batch, id: 178
pass one batch, id: 179
pass one batch, id: 179
pass one batch, id: 180
pass one batch, id: 180
pass one batch, id: 181
pass one batch, id: 181
pass one batch, id: 182
pass one batch, id: 183
pass one batch, id: 182
pass one batch, id: 183
pass one batch, id: 184
pass one batch, id: 184
pass one batch, id: 185
pass one batch, id: 186
pass one batch, id: 185
pass one batch, id: 187
pass one batch, id: 186
pass one batch, id: 187
pass one batch, id: 188
pass one batch, id: 189
pass one batch, id: 188
pass one batch, id: 190
pass one batch, id: 189
pass one batch, id: 190
pass one batch, id: 191
pass one batch, id: 191
pass one batch, id: 192
pass one batch, id: 192
pass one batch, id: 193
pass one batch, id: 193
pass one batch, id: 194
pass one batch, id: 194
pass one batch, id: 195
pass one batch, id: 196
pass one batch, id: 195
pass one batch, id: 197
pass one batch, id: 196
pass one batch, id: 198
pass one batch, id: 197
pass one batch, id: 198
pass one batch, id: 199
pass one batch, id: 200
pass one batch, id: 199
pass one batch, id: 201
pass one batch, id: 202
pass one batch, id: 200
pass one batch, id: 201
pass one batch, id: 203
pass one batch, id: 202
pass one batch, id: 203
pass one batch, id: 204
pass one batch, id: 204
pass one batch, id: 205
pass one batch, id: 205
pass one batch, id: 206
pass one batch, id: 206
pass one batch, id: 207
pass one batch, id: 207
pass one batch, id: 208
pass one batch, id: 208
pass one batch, id: 209
pass one batch, id: 210
pass one batch, id: 211
pass one batch, id: 212
pass one batch, id: 209
pass one batch, id: 210
pass one batch, id: 213
pass one batch, id: 211
pass one batch, id: 214
pass one batch, id: 212
pass one batch, id: 215
pass one batch, id: 216
pass one batch, id: 213
pass one batch, id: 217
pass one batch, id: 214
pass one batch, id: 218
pass one batch, id: 219
pass one batch, id: 215
pass one batch, id: 216
pass one batch, id: 220
pass one batch, id: 221
pass one batch, id: 222
pass one batch, id: 223
pass one batch, id: 217
pass one batch, id: 224
pass one batch, id: 218
pass one batch, id: 225
pass one batch, id: 219
pass one batch, id: 226
pass one batch, id: 220
pass one batch, id: 227
pass one batch, id: 221
pass one batch, id: 222
pass one batch, id: 223
pass one batch, id: 228
pass one batch, id: 224
pass one batch, id: 225
pass one batch, id: 229
pass one batch, id: 226
pass one batch, id: 230
pass one batch, id: 231
pass one batch, id: 227
pass one batch, id: 232
pass one batch, id: 233
pass one batch, id: 228
pass one batch, id: 234
pass one batch, id: 229
pass one batch, id: 230
pass one batch, id: 235
pass one batch, id: 231
pass one batch, id: 232
pass one batch, id: 236
pass one batch, id: 237
pass one batch, id: 233
pass one batch, id: 238
pass one batch, id: 234
pass one batch, id: 239
pass one batch, id: 235
pass one batch, id: 236
pass one batch, id: 240
pass one batch, id: 237
pass one batch, id: 241
pass one batch, id: 242
pass one batch, id: 243
pass one batch, id: 238
pass one batch, id: 244
pass one batch, id: 239
pass one batch, id: 245
pass one batch, id: 246
pass one batch, id: 240
pass one batch, id: 241
pass one batch, id: 242
pass one batch, id: 247
pass one batch, id: 243
pass one batch, id: 244
pass one batch, id: 248
pass one batch, id: 245
pass one batch, id: 249
pass one batch, id: 246
pass one batch, id: 250
pass one batch, id: 251
pass one batch, id: 252
pass one batch, id: 247
pass one batch, id: 253
pass one batch, id: 248
pass one batch, id: 254
pass one batch, id: 255
pass one batch, id: 249
pass one batch, id: 256
pass one batch, id: 250
pass one batch, id: 257
pass one batch, id: 258
pass one batch, id: 251
pass one batch, id: 259
pass one batch, id: 252
pass one batch, id: 253
pass one batch, id: 260
pass one batch, id: 261
pass one batch, id: 254
pass one batch, id: 255
pass one batch, id: 262
pass one batch, id: 256
pass one batch, id: 257
pass one batch, id: 263
pass one batch, id: 258
pass one batch, id: 264
pass one batch, id: 259
pass one batch, id: 265
pass one batch, id: 260
pass one batch, id: 261
pass one batch, id: 266
pass one batch, id: 262
pass one batch, id: 263
pass one batch, id: 264
pass one batch, id: 267
pass one batch, id: 265
pass one batch, id: 268
pass one batch, id: 266
pass one batch, id: 269
pass one batch, id: 270
pass one batch, id: 271
pass one batch, id: 267
pass one batch, id: 272
pass one batch, id: 268
pass one batch, id: 273
pass one batch, id: 269
pass one batch, id: 274
pass one batch, id: 270
pass one batch, id: 275
pass one batch, id: 276
pass one batch, id: 271
pass one batch, id: 277
pass one batch, id: 272
pass one batch, id: 278
pass one batch, id: 273
pass one batch, id: 279
pass one batch, id: 280
pass one batch, id: 281
pass one batch, id: 274
pass one batch, id: 282
pass one batch, id: 275
pass one batch, id: 283
pass one batch, id: 276
pass one batch, id: 277
pass one batch, id: 284
pass one batch, id: 285
pass one batch, id: 278
pass one batch, id: 286
pass one batch, id: 287
pass one batch, id: 279
pass one batch, id: 288
pass one batch, id: 289
pass one batch, id: 290
pass one batch, id: 291
pass one batch, id: 292
pass one batch, id: 293
pass one batch, id: 280
pass one batch, id: 294
pass one batch, id: 281
pass one batch, id: 295
pass one batch, id: 296
pass one batch, id: 282
pass one batch, id: 283
pass one batch, id: 297
pass one batch, id: 284
pass one batch, id: 285
pass one batch, id: 298
pass one batch, id: 299
pass one batch, id: 286
pass one batch, id: 300
pass one batch, id: 287
pass one batch, id: 301
pass one batch, id: 288
pass one batch, id: 302
pass one batch, id: 303
pass one batch, id: 289
pass one batch, id: 304
pass one batch, id: 290
pass one batch, id: 305
pass one batch, id: 291
pass one batch, id: 306
pass one batch, id: 292
pass one batch, id: 307
pass one batch, id: 293
pass one batch, id: 308
pass one batch, id: 309
pass one batch, id: 310
pass one batch, id: 294
pass one batch, id: 295
pass one batch, id: 296
pass one batch, id: 311
pass one batch, id: 297
pass one batch, id: 312
pass one batch, id: 298
pass one batch, id: 299
pass one batch, id: 313
pass one batch, id: 314
pass one batch, id: 300
pass one batch, id: 315
pass one batch, id: 301
pass one batch, id: 316
pass one batch, id: 317
pass one batch, id: 318
pass one batch, id: 302
pass one batch, id: 319
pass one batch, id: 320
pass one batch, id: 303
pass one batch, id: 321
pass one batch, id: 322
pass one batch, id: 304
pass one batch, id: 323
pass one batch, id: 305
pass one batch, id: 306
pass one batch, id: 324
pass one batch, id: 307
pass one batch, id: 325
pass one batch, id: 308
pass one batch, id: 326
pass one batch, id: 309
pass one batch, id: 327
pass one batch, id: 310
pass one batch, id: 311
pass one batch, id: 312
pass one batch, id: 328
pass one batch, id: 313
pass one batch, id: 314
pass one batch, id: 329
pass one batch, id: 315
pass one batch, id: 330
pass one batch, id: 331
pass one batch, id: 332
pass one batch, id: 316
pass one batch, id: 317
pass one batch, id: 333
pass one batch, id: 318
pass one batch, id: 334
pass one batch, id: 319
pass one batch, id: 335
pass one batch, id: 320
pass one batch, id: 336
pass one batch, id: 321
pass one batch, id: 322
pass one batch, id: 337
pass one batch, id: 323
pass one batch, id: 338
pass one batch, id: 324
pass one batch, id: 339
pass one batch, id: 325
pass one batch, id: 340
pass one batch, id: 326
pass one batch, id: 341
pass one batch, id: 342
pass one batch, id: 327
pass one batch, id: 343
pass one batch, id: 344
pass one batch, id: 328
pass one batch, id: 329
pass one batch, id: 345
pass one batch, id: 330
pass one batch, id: 331
pass one batch, id: 346
pass one batch, id: 332
pass one batch, id: 333
pass one batch, id: 347
pass one batch, id: 334
pass one batch, id: 348
pass one batch, id: 335
pass one batch, id: 349
pass one batch, id: 350
pass one batch, id: 336
pass one batch, id: 351
pass one batch, id: 337
pass one batch, id: 338
pass one batch, id: 339
pass one batch, id: 352
pass one batch, id: 353
pass one batch, id: 340
pass one batch, id: 354
pass one batch, id: 355
pass one batch, id: 341
pass one batch, id: 356
pass one batch, id: 342
pass one batch, id: 357
pass one batch, id: 343
pass one batch, id: 358
pass one batch, id: 359
pass one batch, id: 344
pass one batch, id: 345
pass one batch, id: 360
pass one batch, id: 361
pass one batch, id: 346
pass one batch, id: 362
pass one batch, id: 347
pass one batch, id: 363
pass one batch, id: 348
pass one batch, id: 364
pass one batch, id: 349
pass one batch, id: 365
pass one batch, id: 350
pass one batch, id: 366
pass one batch, id: 367
pass one batch, id: 368
pass one batch, id: 351
pass one batch, id: 352
pass one batch, id: 353
pass one batch, id: 369
pass one batch, id: 354
pass one batch, id: 370
pass one batch, id: 371
pass one batch, id: 355
pass one batch, id: 372
pass one batch, id: 373
pass one batch, id: 356
pass one batch, id: 357
pass one batch, id: 374
pass one batch, id: 358
pass one batch, id: 375
pass one batch, id: 359
pass one batch, id: 376
pass one batch, id: 360
pass one batch, id: 377
pass one batch, id: 378
pass one batch, id: 361
pass one batch, id: 379
pass one batch, id: 362
pass one batch, id: 380
pass one batch, id: 363
pass one batch, id: 381
pass one batch, id: 364
pass one batch, id: 382
pass one batch, id: 365
pass one batch, id: 366
pass one batch, id: 383
pass one batch, id: 384
pass one batch, id: 367
pass one batch, id: 385
pass one batch, id: 368
pass one batch, id: 369
pass one batch, id: 370
pass one batch, id: 386
pass one batch, id: 371
pass one batch, id: 387
pass one batch, id: 372
pass one batch, id: 373
pass one batch, id: 388
pass one batch, id: 374
pass one batch, id: 375
pass one batch, id: 376
pass one batch, id: 377
pass one batch, id: 389
pass one batch, id: 390
pass one batch, id: 378
pass one batch, id: 391
pass one batch, id: 392
pass one batch, id: 393
pass one batch, id: 379
pass one batch, id: 394
pass one batch, id: 380
pass one batch, id: 395
pass one batch, id: 381
pass one batch, id: 396
pass one batch, id: 397
pass one batch, id: 398
pass one batch, id: 382
pass one batch, id: 399
pass one batch, id: 400
pass one batch, id: 401
pass one batch, id: 383
pass one batch, id: 402
pass one batch, id: 403
pass one batch, id: 384
pass one batch, id: 404
pass one batch, id: 405
pass one batch, id: 385
pass one batch, id: 406
pass one batch, id: 407
pass one batch, id: 386
pass one batch, id: 408
pass one batch, id: 409
pass one batch, id: 387
pass one batch, id: 410
pass one batch, id: 388
pass one batch, id: 389
pass one batch, id: 411
pass one batch, id: 412
pass one batch, id: 390
pass one batch, id: 413
pass one batch, id: 391
pass one batch, id: 414
pass one batch, id: 392
pass one batch, id: 415
pass one batch, id: 393
pass one batch, id: 416
pass one batch, id: 394
pass one batch, id: 395
pass one batch, id: 417
pass one batch, id: 396
pass one batch, id: 418
pass one batch, id: 397
pass one batch, id: 398
pass one batch, id: 419
pass one batch, id: 420
pass one batch, id: 399
pass one batch, id: 400
pass one batch, id: 421
pass one batch, id: 401
pass one batch, id: 422
pass one batch, id: 402
pass one batch, id: 403
pass one batch, id: 423
pass one batch, id: 404
pass one batch, id: 405
pass one batch, id: 406
pass one batch, id: 407
pass one batch, id: 408
pass one batch, id: 424
pass one batch, id: 425
pass one batch, id: 409
pass one batch, id: 426
pass one batch, id: 410
pass one batch, id: 427
pass one batch, id: 411
pass one batch, id: 412
pass one batch, id: 413
pass one batch, id: 428
pass one batch, id: 429
pass one batch, id: 414
pass one batch, id: 430
pass one batch, id: 415
pass one batch, id: 431
pass one batch, id: 416
pass one batch, id: 432
pass one batch, id: 433
pass one batch, id: 417
pass one batch, id: 418
pass one batch, id: 434
pass one batch, id: 419
pass one batch, id: 435
pass one batch, id: 436
pass one batch, id: 420
pass one batch, id: 421
pass one batch, id: 422
pass one batch, id: 437
pass one batch, id: 438
pass one batch, id: 423
pass one batch, id: 439
pass one batch, id: 424
pass one batch, id: 440
pass one batch, id: 425
pass one batch, id: 441
pass one batch, id: 442
pass one batch, id: 426
pass one batch, id: 443
pass one batch, id: 427
pass one batch, id: 444
pass one batch, id: 428
pass one batch, id: 445
pass one batch, id: 446
pass one batch, id: 447
pass one batch, id: 429
pass one batch, id: 448
pass one batch, id: 430
pass one batch, id: 449
pass one batch, id: 431
pass one batch, id: 432
pass one batch, id: 450
pass one batch, id: 433
pass one batch, id: 434
pass one batch, id: 451
pass one batch, id: 452
pass one batch, id: 435
pass one batch, id: 453
pass one batch, id: 436
pass one batch, id: 454
pass one batch, id: 437
pass one batch, id: 455
pass one batch, id: 456
pass one batch, id: 438
pass one batch, id: 457
pass one batch, id: 439
pass one batch, id: 458
pass one batch, id: 459
pass one batch, id: 440
pass one batch, id: 460
pass one batch, id: 441
pass one batch, id: 442
pass one batch, id: 461
pass one batch, id: 462
pass one batch, id: 443
pass one batch, id: 444
pass one batch, id: 445
pass one batch, id: 463
pass one batch, id: 446
pass one batch, id: 447
pass one batch, id: 464
pass one batch, id: 465
pass one batch, id: 466
pass one batch, id: 448
pass one batch, id: 467
pass one batch, id: 449
pass one batch, id: 468
pass one batch, id: 450
pass one batch, id: 469
pass one batch, id: 470
pass one batch, id: 471
pass one batch, id: 451
pass one batch, id: 472
pass one batch, id: 473
pass one batch, id: 452
pass one batch, id: 474
pass one batch, id: 475
pass one batch, id: 453
pass one batch, id: 476
pass one batch, id: 454
pass one batch, id: 477
pass one batch, id: 478
pass one batch, id: 479
pass one batch, id: 480
pass one batch, id: 455
pass one batch, id: 481
pass one batch, id: 456
pass one batch, id: 482
pass one batch, id: 457
pass one batch, id: 483
pass one batch, id: 484
pass one batch, id: 458
pass one batch, id: 485
pass one batch, id: 459
pass one batch, id: 486
pass one batch, id: 460
pass one batch, id: 487
pass one batch, id: 488
pass one batch, id: 461
pass one batch, id: 489
pass one batch, id: 462
pass one batch, id: 463
pass one batch, id: 490
pass one batch, id: 464
pass one batch, id: 465
pass one batch, id: 491
pass one batch, id: 492
pass one batch, id: 466
pass one batch, id: 493
pass one batch, id: 494
pass one batch, id: 467
pass one batch, id: 495
pass one batch, id: 468
pass one batch, id: 496
pass one batch, id: 469
pass one batch, id: 497
pass one batch, id: 498
pass one batch, id: 470
pass one batch, id: 499
pass one batch, id: 471
pass one batch, id: 472
pass one batch, id: 500
pass one batch, id: 473
pass one batch, id: 501
pass one batch, id: 474
pass one batch, id: 502
pass one batch, id: 475
pass one batch, id: 503
pass one batch, id: 476
pass one batch, id: 477
pass one batch, id: 478
pass one batch, id: 504
pass one batch, id: 505
pass one batch, id: 479
pass one batch, id: 506
pass one batch, id: 480
pass one batch, id: 507
pass one batch, id: 481
pass one batch, id: 508
pass one batch, id: 482
pass one batch, id: 509
pass one batch, id: 483
pass one batch, id: 510
pass one batch, id: 511
pass one batch, id: 484
pass one batch, id: 512
pass one batch, id: 513
pass one batch, id: 485
pass one batch, id: 514
pass one batch, id: 486
pass one batch, id: 515
pass one batch, id: 516
pass one batch, id: 517
pass one batch, id: 518
pass one batch, id: 519
pass one batch, id: 487
pass one batch, id: 520
pass one batch, id: 488
pass one batch, id: 521
pass one batch, id: 489
pass one batch, id: 490
pass one batch, id: 522
pass one batch, id: 491
pass one batch, id: 523
pass one batch, id: 492
pass one batch, id: 524
pass one batch, id: 525
pass one batch, id: 493
pass one batch, id: 494
pass one batch, id: 495
pass one batch, id: 526
pass one batch, id: 496
pass one batch, id: 527
pass one batch, id: 497
pass one batch, id: 528
pass one batch, id: 498
pass one batch, id: 499
pass one batch, id: 529
pass one batch, id: 500
pass one batch, id: 530
pass one batch, id: 501
pass one batch, id: 531
pass one batch, id: 502
pass one batch, id: 532
pass one batch, id: 533
pass one batch, id: 503
pass one batch, id: 504
pass one batch, id: 534
pass one batch, id: 505
pass one batch, id: 535
pass one batch, id: 506
pass one batch, id: 536
pass one batch, id: 537
pass one batch, id: 507
pass one batch, id: 538
pass one batch, id: 508
pass one batch, id: 539
pass one batch, id: 540
pass one batch, id: 509
pass one batch, id: 541
pass one batch, id: 510
pass one batch, id: 542
pass one batch, id: 511
pass one batch, id: 543
pass one batch, id: 544
pass one batch, id: 545
pass one batch, id: 546
pass one batch, id: 512
pass one batch, id: 547
pass one batch, id: 548
pass one batch, id: 513
pass one batch, id: 549
pass one batch, id: 514
pass one batch, id: 550
pass one batch, id: 515
pass one batch, id: 551
pass one batch, id: 516
pass one batch, id: 517
pass one batch, id: 552
pass one batch, id: 518
pass one batch, id: 519
pass one batch, id: 553
pass one batch, id: 520
pass one batch, id: 521
pass one batch, id: 554
pass one batch, id: 522
pass one batch, id: 555
pass one batch, id: 523
pass one batch, id: 556
pass one batch, id: 524
pass one batch, id: 525
pass one batch, id: 557
pass one batch, id: 526
pass one batch, id: 558
pass one batch, id: 559
pass one batch, id: 527
pass one batch, id: 560
pass one batch, id: 528
pass one batch, id: 561
pass one batch, id: 529
pass one batch, id: 530
pass one batch, id: 562
pass one batch, id: 531
pass one batch, id: 563
pass one batch, id: 532
pass one batch, id: 533
pass one batch, id: 564
pass one batch, id: 534
pass one batch, id: 565
pass one batch, id: 535
pass one batch, id: 566
pass one batch, id: 536
pass one batch, id: 537
pass one batch, id: 538
pass one batch, id: 567
pass one batch, id: 568
pass one batch, id: 539
pass one batch, id: 569
pass one batch, id: 540
pass one batch, id: 570
pass one batch, id: 541
pass one batch, id: 571
pass one batch, id: 572
pass one batch, id: 542
pass one batch, id: 573
pass one batch, id: 543
pass one batch, id: 544
pass one batch, id: 574
pass one batch, id: 545
pass one batch, id: 575
pass one batch, id: 546
pass one batch, id: 547
pass one batch, id: 548
pass one batch, id: 576
pass one batch, id: 549
pass one batch, id: 550
pass one batch, id: 577
pass one batch, id: 578
pass one batch, id: 551
pass one batch, id: 579
pass one batch, id: 552
pass one batch, id: 580
pass one batch, id: 581
pass one batch, id: 582
pass one batch, id: 553
pass one batch, id: 583
pass one batch, id: 584
pass one batch, id: 554
pass one batch, id: 585
pass one batch, id: 586
pass one batch, id: 555
pass one batch, id: 556
pass one batch, id: 587
pass one batch, id: 588
pass one batch, id: 589
pass one batch, id: 557
pass one batch, id: 558
pass one batch, id: 590
pass one batch, id: 591
pass one batch, id: 559
pass one batch, id: 592
pass one batch, id: 560
pass one batch, id: 561
pass one batch, id: 562
pass one batch, id: 593
pass one batch, id: 594
pass one batch, id: 563
pass one batch, id: 564
pass one batch, id: 595
pass one batch, id: 565
pass one batch, id: 566
pass one batch, id: 567
pass one batch, id: 596
pass one batch, id: 568
pass one batch, id: 569
pass one batch, id: 570
pass one batch, id: 597
pass one batch, id: 571
pass one batch, id: 598
pass one batch, id: 599
pass one batch, id: 600
pass one batch, id: 572
pass one batch, id: 601
pass one batch, id: 573
pass one batch, id: 602
pass one batch, id: 603
pass one batch, id: 574
pass one batch, id: 575
pass one batch, id: 604
pass one batch, id: 576
pass one batch, id: 605
pass one batch, id: 577
pass one batch, id: 606
pass one batch, id: 578
pass one batch, id: 579
pass one batch, id: 580
pass one batch, id: 607
pass one batch, id: 608
pass one batch, id: 609
pass one batch, id: 581
pass one batch, id: 610
pass one batch, id: 582
pass one batch, id: 611
pass one batch, id: 583
pass one batch, id: 612
pass one batch, id: 584
pass one batch, id: 613
pass one batch, id: 585
pass one batch, id: 614
pass one batch, id: 615
pass one batch, id: 586
pass one batch, id: 616
pass one batch, id: 617
pass one batch, id: 618
pass one batch, id: 587
pass one batch, id: 588
pass one batch, id: 619
pass one batch, id: 589
pass one batch, id: 590
pass one batch, id: 620
pass one batch, id: 591
pass one batch, id: 592
pass one batch, id: 621
pass one batch, id: 622
pass one batch, id: 593
pass one batch, id: 623
pass one batch, id: 594
pass one batch, id: 595
pass one batch, id: 624
pass one batch, id: 596
pass one batch, id: 625
pass one batch, id: 597
pass one batch, id: 598
pass one batch, id: 626
pass one batch, id: 599
pass one batch, id: 600
pass one batch, id: 627
pass one batch, id: 628
pass one batch, id: 601
pass one batch, id: 629
pass one batch, id: 630
pass one batch, id: 602
pass one batch, id: 603
pass one batch, id: 631
pass one batch, id: 632
pass one batch, id: 604
pass one batch, id: 633
pass one batch, id: 605
pass one batch, id: 634
pass one batch, id: 635
pass one batch, id: 606
pass one batch, id: 636
pass one batch, id: 607
pass one batch, id: 608
pass one batch, id: 637
pass one batch, id: 609
pass one batch, id: 610
pass one batch, id: 638
pass one batch, id: 611
pass one batch, id: 639
pass one batch, id: 612
pass one batch, id: 613
pass one batch, id: 640
pass one batch, id: 641
pass one batch, id: 614
pass one batch, id: 615
pass one batch, id: 616
pass one batch, id: 642
pass one batch, id: 617
pass one batch, id: 618
pass one batch, id: 619
pass one batch, id: 620
pass one batch, id: 643
pass one batch, id: 621
pass one batch, id: 644
pass one batch, id: 622
pass one batch, id: 645
pass one batch, id: 623
pass one batch, id: 646
pass one batch, id: 624
pass one batch, id: 647
pass one batch, id: 625
pass one batch, id: 648
pass one batch, id: 626
pass one batch, id: 649
pass one batch, id: 650
pass one batch, id: 627
pass one batch, id: 651
pass one batch, id: 628
pass one batch, id: 652
pass one batch, id: 653
pass one batch, id: 654
pass one batch, id: 629
pass one batch, id: 655
pass one batch, id: 656
pass one batch, id: 657
pass one batch, id: 630
pass one batch, id: 631
pass one batch, id: 658
pass one batch, id: 659
pass one batch, id: 660
pass one batch, id: 632
pass one batch, id: 633
pass one batch, id: 661
pass one batch, id: 634
pass one batch, id: 662
pass one batch, id: 663
pass one batch, id: 635
pass one batch, id: 636
pass one batch, id: 637
pass one batch, id: 664
pass one batch, id: 665
pass one batch, id: 638
pass one batch, id: 666
pass one batch, id: 639
pass one batch, id: 667
pass one batch, id: 640
pass one batch, id: 668
pass one batch, id: 641
pass one batch, id: 669
pass one batch, id: 642
pass one batch, id: 670
pass one batch, id: 643
pass one batch, id: 644
pass one batch, id: 671
pass one batch, id: 645
pass one batch, id: 672
pass one batch, id: 646
pass one batch, id: 647
pass one batch, id: 673
pass one batch, id: 648
pass one batch, id: 674
pass one batch, id: 675
pass one batch, id: 649
pass one batch, id: 676
pass one batch, id: 677
pass one batch, id: 650
pass one batch, id: 678
pass one batch, id: 651
pass one batch, id: 652
pass one batch, id: 679
pass one batch, id: 653
pass one batch, id: 654
pass one batch, id: 655
pass one batch, id: 680
pass one batch, id: 656
pass one batch, id: 681
pass one batch, id: 657
pass one batch, id: 682
pass one batch, id: 683
pass one batch, id: 658
pass one batch, id: 659
pass one batch, id: 684
pass one batch, id: 660
pass one batch, id: 685
pass one batch, id: 661
pass one batch, id: 662
pass one batch, id: 686
pass one batch, id: 663
pass one batch, id: 664
pass one batch, id: 687
pass one batch, id: 665
pass one batch, id: 688
pass one batch, id: 689
pass one batch, id: 666
pass one batch, id: 690
pass one batch, id: 667
pass one batch, id: 691
pass one batch, id: 692
pass one batch, id: 693
pass one batch, id: 668
pass one batch, id: 669
pass one batch, id: 694
pass one batch, id: 695
pass one batch, id: 670
pass one batch, id: 696
pass one batch, id: 697
pass one batch, id: 671
pass one batch, id: 698
pass one batch, id: 699
pass one batch, id: 672
pass one batch, id: 700
pass one batch, id: 701
pass one batch, id: 702
pass one batch, id: 673
pass one batch, id: 703
pass one batch, id: 674
pass one batch, id: 675
pass one batch, id: 704
pass one batch, id: 676
pass one batch, id: 705
pass one batch, id: 706
pass one batch, id: 677
pass one batch, id: 678
pass one batch, id: 707
pass one batch, id: 708
pass one batch, id: 679
pass one batch, id: 709
pass one batch, id: 680
pass one batch, id: 681
pass one batch, id: 710
pass one batch, id: 682
pass one batch, id: 711
pass one batch, id: 683
pass one batch, id: 684
pass one batch, id: 712
pass one batch, id: 713
pass one batch, id: 685
pass one batch, id: 686
pass one batch, id: 714
pass one batch, id: 687
pass one batch, id: 715
pass one batch, id: 688
pass one batch, id: 716
pass one batch, id: 689
pass one batch, id: 717
pass one batch, id: 690
pass one batch, id: 718
pass one batch, id: 691
pass one batch, id: 719
pass one batch, id: 692
pass one batch, id: 720
pass one batch, id: 693
pass one batch, id: 694
pass one batch, id: 721
pass one batch, id: 722
pass one batch, id: 695
pass one batch, id: 696
pass one batch, id: 723
pass one batch, id: 697
pass one batch, id: 724
pass one batch, id: 698
pass one batch, id: 725
pass one batch, id: 726
pass one batch, id: 699
pass one batch, id: 700
pass one batch, id: 727
pass one batch, id: 728
pass one batch, id: 701
pass one batch, id: 729
pass one batch, id: 702
pass one batch, id: 730
pass one batch, id: 731
pass one batch, id: 732
pass one batch, id: 703
pass one batch, id: 733
pass one batch, id: 704
pass one batch, id: 705
pass one batch, id: 734
pass one batch, id: 706
pass one batch, id: 735
pass one batch, id: 736
pass one batch, id: 737
pass one batch, id: 707
pass one batch, id: 738
pass one batch, id: 708
pass one batch, id: 739
pass one batch, id: 709
pass one batch, id: 740
pass one batch, id: 741
pass one batch, id: 742
pass one batch, id: 710
pass one batch, id: 743
pass one batch, id: 711
pass one batch, id: 744
pass one batch, id: 712
pass one batch, id: 745
pass one batch, id: 713
pass one batch, id: 746
pass one batch, id: 747
pass one batch, id: 714
pass one batch, id: 715
pass one batch, id: 748
pass one batch, id: 716
pass one batch, id: 749
pass one batch, id: 717
pass one batch, id: 750
pass one batch, id: 718
pass one batch, id: 751
pass one batch, id: 752
pass one batch, id: 719
pass one batch, id: 720
pass one batch, id: 753
pass one batch, id: 754
pass one batch, id: 755
pass one batch, id: 721
pass one batch, id: 756
pass one batch, id: 722
pass one batch, id: 757
pass one batch, id: 723
pass one batch, id: 758
pass one batch, id: 724
pass one batch, id: 759
pass one batch, id: 725
pass one batch, id: 760
pass one batch, id: 761
pass one batch, id: 726
pass one batch, id: 762
pass one batch, id: 727
pass one batch, id: 763
pass one batch, id: 728
pass one batch, id: 764
pass one batch, id: 729
pass one batch, id: 765
pass one batch, id: 766
pass one batch, id: 730
pass one batch, id: 767
pass one batch, id: 768
pass one batch, id: 731
pass one batch, id: 769
pass one batch, id: 770
pass one batch, id: 732
pass one batch, id: 771
pass one batch, id: 772
pass one batch, id: 733
pass one batch, id: 773
pass one batch, id: 734
pass one batch, id: 774
pass one batch, id: 735
pass one batch, id: 775
pass one batch, id: 776
pass one batch, id: 736
pass one batch, id: 777
pass one batch, id: 737
pass one batch, id: 778
pass one batch, id: 738
pass one batch, id: 779
pass one batch, id: 780
pass one batch, id: 739
pass one batch, id: 781
pass one batch, id: 740
pass one batch, id: 741
pass one batch, id: 742
pass one batch, id: 743
pass one batch, id: 744
pass one batch, id: 745
pass one batch, id: 746
pass one batch, id: 747
pass one batch, id: 748
pass one batch, id: 749
pass one batch, id: 750
pass one batch, id: 751
pass one batch, id: 752
pass one batch, id: 753
pass one batch, id: 754
pass one batch, id: 755
pass one batch, id: 756
pass one batch, id: 757
pass one batch, id: 758
pass one batch, id: 759
pass one batch, id: 760
pass one batch, id: 761
pass one batch, id: 762
pass one batch, id: 763
pass one batch, id: 764
pass one batch, id: 765
pass one batch, id: 766
pass one batch, id: 767
pass one batch, id: 768
pass one batch, id: 769
pass one batch, id: 770
pass one batch, id: 771
pass one batch, id: 772
pass one batch, id: 773
pass one batch, id: 774
pass one batch, id: 775
pass one batch, id: 776
pass one batch, id: 777
pass one batch, id: 778
pass one batch, id: 779
pass one batch, id: 780
pass one batch, id: 781
[1 / 5]: Accuracy on test set: 40.3 % 
Epoch: 0 time: Mon Dec 16 10:00:53 2024
pass one batch, id: 0
pass one batch, id: 1
pass one batch, id: 2
pass one batch, id: 3
pass one batch, id: 4
pass one batch, id: 5
pass one batch, id: 6
pass one batch, id: 7
pass one batch, id: 8
pass one batch, id: 9
pass one batch, id: 10
pass one batch, id: 11
pass one batch, id: 12
pass one batch, id: 13
pass one batch, id: 14
pass one batch, id: 15
pass one batch, id: 16
pass one batch, id: 17
pass one batch, id: 18
pass one batch, id: 19
pass one batch, id: 20
pass one batch, id: 21
pass one batch, id: 22
pass one batch, id: 23
pass one batch, id: 24
pass one batch, id: 25
pass one batch, id: 26
pass one batch, id: 27
pass one batch, id: 28
pass one batch, id: 29
pass one batch, id: 30
QEMU: Terminated
